<?xml version="1.0" encoding="UTF-8"?>
<!-- Generated by org.testng.reporters.JUnitXMLReporter -->
<testsuite ignored="0" hostname="kelwajiAspire" failures="1" tests="1" name="Default test(failed)" time="0.07" errors="0" timestamp="2023-02-02T20:14:15 IST">
  <testcase classname="saucedemo.homepage" name="homepage" time="0.032">
    <failure type="java.lang.AssertionError" message="expected [b] but found [a]">
      <![CDATA[java.lang.AssertionError: expected [b] but found [a]
at saucedemo.homepage.homepage(homepage.java:11)
at java.base/java.util.ArrayList.forEach(ArrayList.java:1511)
... Removed 33 stack frames]]>
    </failure>
  </testcase> <!-- homepage -->
</testsuite> <!-- Default test(failed) -->
